-------------------------------------------------------------------------------
Test set: com.logsentinel.opendatadashboard.OpendatadashboardApplicationTests
-------------------------------------------------------------------------------
Tests run: 1, Failures: 0, Errors: 1, Skipped: 0, Time elapsed: 0.125 s <<< FAILURE! - in com.logsentinel.opendatadashboard.OpendatadashboardApplicationTests
initializationError(com.logsentinel.opendatadashboard.OpendatadashboardApplicationTests)  Time elapsed: 0.004 s  <<< ERROR!
java.lang.Exception: No runnable methods

